<?xml version="1.0" encoding="UTF-8"?>
<!-- Generated by org.testng.reporters.JUnitReportReporter -->
<testsuite hostname="DESKTOP-G8O6OG0" failures="0" tests="2" name="com.TestNGDemos.D05FlipkartAssignment" time="6.040" errors="0" timestamp="2024-11-04T21:55:35 IST" skipped="0">
  <testcase classname="com.TestNGDemos.D05FlipkartAssignment" name="fashionTest" time="3.548"/>
  <testcase classname="com.TestNGDemos.D05FlipkartAssignment" name="homeTest" time="2.492"/>
</testsuite> <!-- com.TestNGDemos.D05FlipkartAssignment -->
