<?xml version="1.0" encoding="UTF-8"?>
<!-- Generated by org.testng.reporters.JUnitReportReporter -->
<testsuite hostname="DESKTOP-G8O6OG0" failures="0" tests="1" name="com.TestNGDemos.D08KeywordDrivenFramework" time="1.386" errors="0" timestamp="2024-11-06T20:11:44 IST" skipped="0">
  <testcase classname="com.TestNGDemos.D08KeywordDrivenFramework" name="login" time="1.386"/>
</testsuite> <!-- com.TestNGDemos.D08KeywordDrivenFramework -->
