<?xml version="1.0" encoding="UTF-8"?>
<!-- Generated by org.testng.reporters.JUnitReportReporter -->
<testsuite hostname="DESKTOP-G8O6OG0" failures="0" tests="4" name="com.TestNGDemos.D02MultipleTests" time="22.602" errors="0" timestamp="2024-10-30T21:08:35 IST" skipped="0">
  <testcase classname="com.TestNGDemos.D02MultipleTests" name="testNykaa" time="5.593"/>
  <testcase classname="com.TestNGDemos.D02MultipleTests" name="testAjio" time="8.486"/>
  <testcase classname="com.TestNGDemos.D02MultipleTests" name="testBewakoof" time="4.294"/>
  <testcase classname="com.TestNGDemos.D02MultipleTests" name="testMeesho" time="4.229"/>
</testsuite> <!-- com.TestNGDemos.D02MultipleTests -->
