<?xml version="1.0" encoding="UTF-8"?>
<!-- Generated by org.testng.reporters.JUnitReportReporter -->
<testsuite hostname="DESKTOP-G8O6OG0" failures="0" tests="4" name="com.TestNGDemos.D02MultipleTests" time="46.781" errors="0" timestamp="2024-11-04T22:00:53 IST" skipped="0">
  <testcase classname="com.TestNGDemos.D02MultipleTests" name="testNykaa" time="12.842"/>
  <testcase classname="com.TestNGDemos.D02MultipleTests" name="testAjio" time="13.040"/>
  <testcase classname="com.TestNGDemos.D02MultipleTests" name="testBewakoof" time="10.585"/>
  <testcase classname="com.TestNGDemos.D02MultipleTests" name="testMeesho" time="10.314"/>
</testsuite> <!-- com.TestNGDemos.D02MultipleTests -->
