<?xml version="1.0" encoding="UTF-8"?>
<!-- Generated by org.testng.reporters.JUnitReportReporter -->
<testsuite hostname="DESKTOP-G8O6OG0" failures="0" tests="4" name="com.TestNGDemos.D03Before_After_Test" time="15.499" errors="0" timestamp="2024-10-30T21:32:02 IST" skipped="0">
  <testcase classname="com.TestNGDemos.D03Before_After_Test" name="testNykaa" time="2.150"/>
  <testcase classname="com.TestNGDemos.D03Before_After_Test" name="testAjio" time="7.570"/>
  <testcase classname="com.TestNGDemos.D03Before_After_Test" name="testBewakoof" time="3.525"/>
  <testcase classname="com.TestNGDemos.D03Before_After_Test" name="testMeesho" time="2.254"/>
</testsuite> <!-- com.TestNGDemos.D03Before_After_Test -->
