<?xml version="1.0" encoding="UTF-8"?>
<!-- Generated by org.testng.reporters.JUnitReportReporter -->
<testsuite hostname="DESKTOP-G8O6OG0" failures="0" tests="1" name="com.TestNGDemos.D08KeywordDrivenFramework" time="1.168" errors="0" timestamp="2024-11-05T21:09:39 IST" skipped="0">
  <testcase classname="com.TestNGDemos.D08KeywordDrivenFramework" name="login" time="1.168"/>
</testsuite> <!-- com.TestNGDemos.D08KeywordDrivenFramework -->
