<?xml version="1.0" encoding="UTF-8"?>
<!-- Generated by org.testng.reporters.JUnitReportReporter -->
<testsuite hostname="DESKTOP-G8O6OG0" failures="0" tests="2" name="com.TestNGDemos.D14ReadData" time="0.036" errors="0" timestamp="2024-11-06T22:03:18 IST" skipped="1">
  <testcase classname="com.TestNGDemos.D14ReadData" name="getAllData" time="0.036"/>
  <testcase classname="com.TestNGDemos.D14ReadData" name="readData">
    <skipped/>
  </testcase> <!-- readData -->
</testsuite> <!-- com.TestNGDemos.D14ReadData -->
