<?xml version="1.0" encoding="UTF-8"?>
<!-- Generated by org.testng.reporters.JUnitReportReporter -->
<testsuite hostname="DESKTOP-G8O6OG0" failures="0" tests="1" name="com.TestNGDemos.D11WriteToExcel" time="0.071" errors="0" timestamp="2024-11-06T20:46:30 IST" skipped="0">
  <testcase classname="com.TestNGDemos.D11WriteToExcel" name="writeData" time="0.071"/>
</testsuite> <!-- com.TestNGDemos.D11WriteToExcel -->
