<?xml version="1.0" encoding="UTF-8"?>
<!-- Generated by org.testng.reporters.JUnitReportReporter -->
<testsuite hostname="DESKTOP-G8O6OG0" failures="0" tests="1" name="com.TestNGDemos.D10RediffSignIn_Client" time="2.950" errors="0" timestamp="2024-11-05T21:57:09 IST" skipped="0">
  <testcase classname="com.TestNGDemos.D10RediffSignIn_Client" name="rediffSignIn" time="2.950"/>
</testsuite> <!-- com.TestNGDemos.D10RediffSignIn_Client -->
