<?xml version="1.0" encoding="UTF-8"?>
<!-- Generated by org.testng.reporters.JUnitReportReporter -->
<testsuite hostname="DESKTOP-G8O6OG0" failures="0" tests="2" name="com.Assignments.Assignment_OHRM_DDF" time="62.348" errors="0" timestamp="2024-11-17T09:49:06 IST" skipped="0">
  <testcase classname="com.Assignments.Assignment_OHRM_DDF" name="test" time="29.890"/>
  <testcase classname="com.Assignments.Assignment_OHRM_DDF" name="test" time="32.458"/>
</testsuite> <!-- com.Assignments.Assignment_OHRM_DDF -->
