<?xml version="1.0" encoding="UTF-8"?>
<!-- Generated by org.testng.reporters.JUnitReportReporter -->
<testsuite hostname="DESKTOP-G8O6OG0" failures="0" tests="5" name="com.TestNGDemos.D13CreateLoginData" time="0.050" errors="0" timestamp="2024-11-06T21:33:44 IST" skipped="0">
  <testcase classname="com.TestNGDemos.D13CreateLoginData" name="createLoginData" time="0.007"/>
  <testcase classname="com.TestNGDemos.D13CreateLoginData" name="createLoginData" time="0.008"/>
  <testcase classname="com.TestNGDemos.D13CreateLoginData" name="createLoginData" time="0.010"/>
  <testcase classname="com.TestNGDemos.D13CreateLoginData" name="createLoginData" time="0.021"/>
  <testcase classname="com.TestNGDemos.D13CreateLoginData" name="createLoginData" time="0.004"/>
</testsuite> <!-- com.TestNGDemos.D13CreateLoginData -->
