<?xml version="1.0" encoding="UTF-8"?>
<!-- Generated by org.testng.reporters.JUnitReportReporter -->
<testsuite hostname="DESKTOP-G8O6OG0" failures="0" tests="4" name="com.TestNGDemos.D06DataDrivenTesting" time="9.388" errors="0" timestamp="2024-11-05T20:23:00 IST" skipped="0">
  <testcase classname="com.TestNGDemos.D06DataDrivenTesting" name="loginToOHRM" time="1.922"/>
  <testcase classname="com.TestNGDemos.D06DataDrivenTesting" name="loginToOHRM" time="4.598"/>
  <testcase classname="com.TestNGDemos.D06DataDrivenTesting" name="loginToOHRM" time="1.193"/>
  <testcase classname="com.TestNGDemos.D06DataDrivenTesting" name="loginToOHRM" time="1.675"/>
</testsuite> <!-- com.TestNGDemos.D06DataDrivenTesting -->
