<?xml version="1.0" encoding="UTF-8"?>
<!-- Generated by org.testng.reporters.JUnitReportReporter -->
<testsuite hostname="DESKTOP-G8O6OG0" failures="0" tests="1" name="com.TestNGDemos.D12CreateFriendsData" time="0.086" errors="0" timestamp="2024-11-06T21:08:15 IST" skipped="0">
  <testcase classname="com.TestNGDemos.D12CreateFriendsData" name="createFriendsData" time="0.086"/>
</testsuite> <!-- com.TestNGDemos.D12CreateFriendsData -->
