<?xml version="1.0" encoding="UTF-8"?>
<!-- Generated by org.testng.reporters.JUnitReportReporter -->
<testsuite hostname="DESKTOP-G8O6OG0" failures="0" tests="4" name="com.TestNGDemos.D04Before_After_Method" time="15.433" errors="0" timestamp="2024-10-30T21:41:31 IST" skipped="0">
  <testcase classname="com.TestNGDemos.D04Before_After_Method" name="testNykaa" time="2.488"/>
  <testcase classname="com.TestNGDemos.D04Before_After_Method" name="testAjio" time="6.558"/>
  <testcase classname="com.TestNGDemos.D04Before_After_Method" name="testBewakoof" time="2.735"/>
  <testcase classname="com.TestNGDemos.D04Before_After_Method" name="testMeesho" time="3.652"/>
</testsuite> <!-- com.TestNGDemos.D04Before_After_Method -->
