<?xml version="1.0" encoding="UTF-8"?>
<!-- Generated by org.testng.reporters.JUnitReportReporter -->
<testsuite hostname="DESKTOP-G8O6OG0" failures="0" tests="1" name="com.Assignments.A10OHRM_Login_Logout" time="3.908" errors="0" timestamp="2024-10-30T22:16:19 IST" skipped="0">
  <testcase classname="com.Assignments.A10OHRM_Login_Logout" name="login3" time="3.908"/>
</testsuite> <!-- com.Assignments.A10OHRM_Login_Logout -->
