<?xml version="1.0" encoding="UTF-8"?>
<!-- Generated by org.testng.reporters.JUnitReportReporter -->
<testsuite hostname="DESKTOP-G8O6OG0" failures="0" tests="8" name="com.TestNGDemos.D15DDF_LoginToOHRM" time="0.046" errors="0" timestamp="2024-11-06T22:23:06 IST" skipped="0">
  <testcase classname="com.TestNGDemos.D15DDF_LoginToOHRM" name="login" time="0.008"/>
  <testcase classname="com.TestNGDemos.D15DDF_LoginToOHRM" name="login" time="0.010"/>
  <testcase classname="com.TestNGDemos.D15DDF_LoginToOHRM" name="login" time="0.008"/>
  <testcase classname="com.TestNGDemos.D15DDF_LoginToOHRM" name="login" time="0.005"/>
  <testcase classname="com.TestNGDemos.D15DDF_LoginToOHRM" name="login" time="0.004"/>
  <testcase classname="com.TestNGDemos.D15DDF_LoginToOHRM" name="login" time="0.002"/>
  <testcase classname="com.TestNGDemos.D15DDF_LoginToOHRM" name="login" time="0.004"/>
  <testcase classname="com.TestNGDemos.D15DDF_LoginToOHRM" name="login" time="0.005"/>
</testsuite> <!-- com.TestNGDemos.D15DDF_LoginToOHRM -->
