<?xml version="1.0" encoding="UTF-8"?>
<!-- Generated by org.testng.reporters.JUnitReportReporter -->
<testsuite hostname="DESKTOP-G8O6OG0" failures="0" tests="1" name="com.TestNGDemos.D07Parameterization" time="5.604" errors="0" timestamp="2024-11-04T22:18:00 IST" skipped="0">
  <testcase classname="com.TestNGDemos.D07Parameterization" name="login" time="5.604"/>
</testsuite> <!-- com.TestNGDemos.D07Parameterization -->
