<?xml version="1.0" encoding="UTF-8"?>
<!-- Generated by org.testng.reporters.JUnitReportReporter -->
<testsuite hostname="DESKTOP-G8O6OG0" failures="0" tests="4" name="com.TestNGDemos.D06DataDrivenTesting" time="12.872" errors="0" timestamp="2024-11-04T21:44:55 IST" skipped="0">
  <testcase classname="com.TestNGDemos.D06DataDrivenTesting" name="loginToOHRM" time="2.783"/>
  <testcase classname="com.TestNGDemos.D06DataDrivenTesting" name="loginToOHRM" time="5.577"/>
  <testcase classname="com.TestNGDemos.D06DataDrivenTesting" name="loginToOHRM" time="1.959"/>
  <testcase classname="com.TestNGDemos.D06DataDrivenTesting" name="loginToOHRM" time="2.553"/>
</testsuite> <!-- com.TestNGDemos.D06DataDrivenTesting -->
