<?xml version="1.0" encoding="UTF-8"?>
<!-- Generated by org.testng.reporters.JUnitReportReporter -->
<testsuite hostname="DESKTOP-G8O6OG0" failures="0" tests="1" name="com.MyTests.D03TestNGClass" time="0.012" errors="0" timestamp="2024-11-08T22:15:02 IST" skipped="0">
  <testcase classname="com.MyTests.D03TestNGClass" name="myTest" time="0.012"/>
</testsuite> <!-- com.MyTests.D03TestNGClass -->
